<?xml version="1.0" encoding="UTF-8"?>
<coverage generated="1680330558838" clover="3.2.0">
  <project timestamp="1680330558839" name="All files">
    <metrics statements="16" coveredstatements="10" conditionals="10" coveredconditionals="1" methods="4" coveredmethods="2" elements="30" coveredelements="13" complexity="0" loc="16" ncloc="16" packages="1" files="1" classes="1"/>
    <file name="home.js" path="D:\shivaji\copy-expect payments\batch-12\src\screens\reservation\home.js">
      <metrics statements="16" coveredstatements="10" conditionals="10" coveredconditionals="1" methods="4" coveredmethods="2"/>
      <line num="5" count="1" type="stmt"/>
      <line num="7" count="6" type="stmt"/>
      <line num="8" count="6" type="stmt"/>
      <line num="9" count="6" type="stmt"/>
      <line num="10" count="6" type="stmt"/>
      <line num="11" count="3" type="stmt"/>
      <line num="12" count="3" type="stmt"/>
      <line num="13" count="3" type="cond" truecount="1" falsecount="1"/>
      <line num="14" count="3" type="stmt"/>
      <line num="15" count="0" type="cond" truecount="0" falsecount="4"/>
      <line num="16" count="0" type="stmt"/>
      <line num="17" count="0" type="cond" truecount="0" falsecount="4"/>
      <line num="18" count="0" type="stmt"/>
      <line num="20" count="6" type="stmt"/>
      <line num="35" count="0" type="stmt"/>
      <line num="45" count="0" type="stmt"/>
    </file>
  </project>
</coverage>
