{"D:\\shivaji\\copy-expect payments\\batch-12\\src\\screens\\reservation\\home.js": {"path":"D:\\shivaji\\copy-expect payments\\batch-12\\src\\screens\\reservation\\home.js","statementMap":{"0":{"start":{"line":5,"column":30},"end":{"line":53,"column":1}},"1":{"start":{"line":7,"column":30},"end":{"line":7,"column":42}},"2":{"start":{"line":8,"column":23},"end":{"line":8,"column":205}},"3":{"start":{"line":9,"column":22},"end":{"line":9,"column":156}},"4":{"start":{"line":10,"column":4},"end":{"line":19,"column":10}},"5":{"start":{"line":11,"column":21},"end":{"line":11,"column":31}},"6":{"start":{"line":12,"column":18},"end":{"line":12,"column":35}},"7":{"start":{"line":13,"column":8},"end":{"line":18,"column":37}},"8":{"start":{"line":14,"column":12},"end":{"line":14,"column":37}},"9":{"start":{"line":15,"column":13},"end":{"line":18,"column":37}},"10":{"start":{"line":16,"column":12},"end":{"line":16,"column":39}},"11":{"start":{"line":17,"column":13},"end":{"line":18,"column":37}},"12":{"start":{"line":18,"column":12},"end":{"line":18,"column":37}},"13":{"start":{"line":20,"column":4},"end":{"line":52,"column":5}},"14":{"start":{"line":35,"column":113},"end":{"line":35,"column":154}},"15":{"start":{"line":45,"column":113},"end":{"line":45,"column":152}}},"fnMap":{"0":{"name":"(anonymous_0)","decl":{"start":{"line":5,"column":30},"end":{"line":5,"column":31}},"loc":{"start":{"line":5,"column":36},"end":{"line":53,"column":1}},"line":5},"1":{"name":"(anonymous_1)","decl":{"start":{"line":10,"column":14},"end":{"line":10,"column":15}},"loc":{"start":{"line":10,"column":20},"end":{"line":19,"column":5}},"line":10},"2":{"name":"(anonymous_2)","decl":{"start":{"line":35,"column":107},"end":{"line":35,"column":108}},"loc":{"start":{"line":35,"column":113},"end":{"line":35,"column":154}},"line":35},"3":{"name":"(anonymous_3)","decl":{"start":{"line":45,"column":107},"end":{"line":45,"column":108}},"loc":{"start":{"line":45,"column":113},"end":{"line":45,"column":152}},"line":45}},"branchMap":{"0":{"loc":{"start":{"line":13,"column":8},"end":{"line":18,"column":37}},"type":"if","locations":[{"start":{"line":13,"column":8},"end":{"line":18,"column":37}},{"start":{"line":15,"column":13},"end":{"line":18,"column":37}}],"line":13},"1":{"loc":{"start":{"line":15,"column":13},"end":{"line":18,"column":37}},"type":"if","locations":[{"start":{"line":15,"column":13},"end":{"line":18,"column":37}},{"start":{"line":17,"column":13},"end":{"line":18,"column":37}}],"line":15},"2":{"loc":{"start":{"line":15,"column":17},"end":{"line":15,"column":39}},"type":"binary-expr","locations":[{"start":{"line":15,"column":17},"end":{"line":15,"column":26}},{"start":{"line":15,"column":30},"end":{"line":15,"column":39}}],"line":15},"3":{"loc":{"start":{"line":17,"column":13},"end":{"line":18,"column":37}},"type":"if","locations":[{"start":{"line":17,"column":13},"end":{"line":18,"column":37}},{"start":{},"end":{}}],"line":17},"4":{"loc":{"start":{"line":17,"column":17},"end":{"line":17,"column":39}},"type":"binary-expr","locations":[{"start":{"line":17,"column":17},"end":{"line":17,"column":26}},{"start":{"line":17,"column":30},"end":{"line":17,"column":39}}],"line":17}},"s":{"0":1,"1":6,"2":6,"3":6,"4":6,"5":3,"6":3,"7":3,"8":3,"9":0,"10":0,"11":0,"12":0,"13":6,"14":0,"15":0},"f":{"0":6,"1":3,"2":0,"3":0},"b":{"0":[3,0],"1":[0,0],"2":[0,0],"3":[0,0],"4":[0,0]},"_coverageSchema":"1a1c01bbd47fc00a2c39e90264f33305004495a9","hash":"de2eaebdc6bb8c6f7a14d8a95898278e52a7b613"}
}
